{"/Users/admin/Documents/learning/simple-travel-service/client/src/testingUtils.tsx": {"path":"/Users/admin/Documents/learning/simple-travel-service/client/src/testingUtils.tsx","statementMap":{"0":{"start":{"line":16,"column":13},"end":{"line":16,"column":26}},"1":{"start":{"line":1,"column":32},"end":{"line":1,"column":null}},"2":{"start":{"line":2,"column":51},"end":{"line":2,"column":null}},"3":{"start":{"line":3,"column":38},"end":{"line":3,"column":null}},"4":{"start":{"line":5,"column":18},"end":{"line":5,"column":null}},"5":{"start":{"line":6,"column":25},"end":{"line":6,"column":null}},"6":{"start":{"line":7,"column":20},"end":{"line":7,"column":null}},"7":{"start":{"line":16,"column":26},"end":{"line":41,"column":null}},"8":{"start":{"line":30,"column":2},"end":{"line":40,"column":null}}},"fnMap":{"0":{"name":"(anonymous_5)","decl":{"start":{"line":16,"column":26},"end":{"line":16,"column":27}},"loc":{"start":{"line":21,"column":25},"end":{"line":41,"column":null}}}},"branchMap":{"0":{"loc":{"start":{"line":18,"column":2},"end":{"line":18,"column":12}},"type":"default-arg","locations":[{"start":{"line":18,"column":9},"end":{"line":18,"column":12}}]},"1":{"loc":{"start":{"line":19,"column":2},"end":{"line":19,"column":13}},"type":"default-arg","locations":[{"start":{"line":19,"column":10},"end":{"line":19,"column":13}}]},"2":{"loc":{"start":{"line":20,"column":2},"end":{"line":20,"column":58}},"type":"default-arg","locations":[{"start":{"line":20,"column":12},"end":{"line":20,"column":58}}]}},"s":{"0":1,"1":1,"2":1,"3":1,"4":1,"5":1,"6":1,"7":1,"8":1},"f":{"0":1},"b":{"0":[0],"1":[0],"2":[1]}}
,"/Users/admin/Documents/learning/simple-travel-service/client/src/components/Loading/index.tsx": {"path":"/Users/admin/Documents/learning/simple-travel-service/client/src/components/Loading/index.tsx","statementMap":{"0":{"start":{"line":64,"column":0},"end":{"line":64,"column":15}},"1":{"start":{"line":1,"column":26},"end":{"line":1,"column":null}},"2":{"start":{"line":2,"column":19},"end":{"line":2,"column":null}},"3":{"start":{"line":4,"column":22},"end":{"line":4,"column":null}},"4":{"start":{"line":37,"column":19},"end":{"line":62,"column":1}},"5":{"start":{"line":64,"column":15},"end":{"line":64,"column":null}}},"fnMap":{},"branchMap":{},"s":{"0":1,"1":1,"2":1,"3":1,"4":1,"5":1},"f":{},"b":{}}
,"/Users/admin/Documents/learning/simple-travel-service/client/src/constants/index.ts": {"path":"/Users/admin/Documents/learning/simple-travel-service/client/src/constants/index.ts","statementMap":{"0":{"start":{"line":6,"column":13},"end":{"line":6,"column":16}},"1":{"start":{"line":8,"column":13},"end":{"line":8,"column":21}},"2":{"start":{"line":9,"column":13},"end":{"line":9,"column":22}},"3":{"start":{"line":13,"column":13},"end":{"line":13,"column":26}},"4":{"start":{"line":4,"column":7},"end":{"line":4,"column":null}},"5":{"start":{"line":6,"column":25},"end":{"line":6,"column":null}},"6":{"start":{"line":8,"column":24},"end":{"line":8,"column":76}},"7":{"start":{"line":9,"column":25},"end":{"line":11,"column":null}},"8":{"start":{"line":13,"column":63},"end":{"line":20,"column":null}}},"fnMap":{},"branchMap":{"0":{"loc":{"start":{"line":6,"column":25},"end":{"line":6,"column":null}},"type":"binary-expr","locations":[{"start":{"line":6,"column":25},"end":{"line":6,"column":46}},{"start":{"line":6,"column":59},"end":{"line":6,"column":null}}]}},"s":{"0":1,"1":0,"2":0,"3":0,"4":1,"5":1,"6":1,"7":1,"8":1},"f":{},"b":{"0":[1,0]}}
,"/Users/admin/Documents/learning/simple-travel-service/client/src/constants/redux.ts": {"path":"/Users/admin/Documents/learning/simple-travel-service/client/src/constants/redux.ts","statementMap":{"0":{"start":{"line":3,"column":13},"end":{"line":3,"column":31}},"1":{"start":{"line":9,"column":13},"end":{"line":9,"column":30}},"2":{"start":{"line":3,"column":46},"end":{"line":7,"column":null}},"3":{"start":{"line":9,"column":44},"end":{"line":14,"column":null}}},"fnMap":{},"branchMap":{},"s":{"0":1,"1":1,"2":1,"3":1},"f":{},"b":{}}
,"/Users/admin/Documents/learning/simple-travel-service/client/src/constants/style.ts": {"path":"/Users/admin/Documents/learning/simple-travel-service/client/src/constants/style.ts","statementMap":{"0":{"start":{"line":1,"column":13},"end":{"line":1,"column":18}},"1":{"start":{"line":10,"column":13},"end":{"line":10,"column":17}},"2":{"start":{"line":1,"column":21},"end":{"line":8,"column":null}},"3":{"start":{"line":10,"column":20},"end":{"line":10,"column":75}},"4":{"start":{"line":10,"column":46},"end":{"line":10,"column":75}}},"fnMap":{"0":{"name":"(anonymous_3)","decl":{"start":{"line":10,"column":20},"end":{"line":10,"column":21}},"loc":{"start":{"line":10,"column":46},"end":{"line":10,"column":75}}}},"branchMap":{},"s":{"0":8,"1":0,"2":1,"3":1,"4":0},"f":{"0":0},"b":{}}
,"/Users/admin/Documents/learning/simple-travel-service/client/src/images/flight_icon.svg": {"path":"/Users/admin/Documents/learning/simple-travel-service/client/src/images/flight_icon.svg","statementMap":{"0":{"start":{"line":2,"column":14},"end":{"line":2,"column":30}},"1":{"start":{"line":4,"column":2},"end":{"line":7,"column":4}},"2":{"start":{"line":9,"column":0},"end":{"line":9,"column":32}}},"fnMap":{"0":{"name":"SvgFlight_icon","decl":{"start":{"line":3,"column":9},"end":{"line":3,"column":23}},"loc":{"start":{"line":3,"column":31},"end":{"line":8,"column":1}},"line":3}},"branchMap":{},"s":{"0":1,"1":1,"2":1},"f":{"0":1},"b":{},"_coverageSchema":"1a1c01bbd47fc00a2c39e90264f33305004495a9","hash":"94d0291b00177b5ecc64d135eca14cfda3975fa1"}
,"/Users/admin/Documents/learning/simple-travel-service/client/src/pages/Login.tsx": {"path":"/Users/admin/Documents/learning/simple-travel-service/client/src/pages/Login.tsx","statementMap":{"0":{"start":{"line":99,"column":0},"end":{"line":99,"column":15}},"1":{"start":{"line":1,"column":49},"end":{"line":1,"column":null}},"2":{"start":{"line":6,"column":7},"end":{"line":6,"column":null}},"3":{"start":{"line":10,"column":7},"end":{"line":10,"column":null}},"4":{"start":{"line":21,"column":7},"end":{"line":21,"column":null}},"5":{"start":{"line":22,"column":23},"end":{"line":22,"column":null}},"6":{"start":{"line":25,"column":18},"end":{"line":97,"column":null}},"7":{"start":{"line":26,"column":19},"end":{"line":26,"column":null}},"8":{"start":{"line":28,"column":20},"end":{"line":28,"column":null}},"9":{"start":{"line":28,"column":54},"end":{"line":28,"column":75}},"10":{"start":{"line":29,"column":16},"end":{"line":29,"column":null}},"11":{"start":{"line":29,"column":50},"end":{"line":29,"column":65}},"12":{"start":{"line":31,"column":26},"end":{"line":34,"column":null}},"13":{"start":{"line":36,"column":23},"end":{"line":44,"column":null}},"14":{"start":{"line":37,"column":18},"end":{"line":37,"column":32}},"15":{"start":{"line":38,"column":17},"end":{"line":38,"column":30}},"16":{"start":{"line":40,"column":20},"end":{"line":40,"column":null}},"17":{"start":{"line":41,"column":4},"end":{"line":41,"column":null}},"18":{"start":{"line":43,"column":4},"end":{"line":43,"column":null}},"19":{"start":{"line":46,"column":22},"end":{"line":52,"column":null}},"20":{"start":{"line":47,"column":4},"end":{"line":47,"column":null}},"21":{"start":{"line":48,"column":4},"end":{"line":50,"column":5}},"22":{"start":{"line":49,"column":6},"end":{"line":49,"column":null}},"23":{"start":{"line":51,"column":4},"end":{"line":51,"column":null}},"24":{"start":{"line":54,"column":2},"end":{"line":91,"column":null}},"25":{"start":{"line":99,"column":15},"end":{"line":99,"column":null}}},"fnMap":{"0":{"name":"(anonymous_5)","decl":{"start":{"line":25,"column":18},"end":{"line":25,"column":24}},"loc":{"start":{"line":25,"column":24},"end":{"line":97,"column":null}}},"1":{"name":"(anonymous_6)","decl":{"start":{"line":28,"column":32},"end":{"line":28,"column":33}},"loc":{"start":{"line":28,"column":54},"end":{"line":28,"column":75}}},"2":{"name":"(anonymous_7)","decl":{"start":{"line":29,"column":28},"end":{"line":29,"column":29}},"loc":{"start":{"line":29,"column":50},"end":{"line":29,"column":65}}},"3":{"name":"(anonymous_8)","decl":{"start":{"line":36,"column":35},"end":{"line":36,"column":36}},"loc":{"start":{"line":36,"column":79},"end":{"line":44,"column":5}}},"4":{"name":"(anonymous_9)","decl":{"start":{"line":46,"column":22},"end":{"line":46,"column":29}},"loc":{"start":{"line":46,"column":72},"end":{"line":52,"column":null}}}},"branchMap":{"0":{"loc":{"start":{"line":48,"column":4},"end":{"line":50,"column":5}},"type":"if","locations":[{"start":{"line":48,"column":4},"end":{"line":50,"column":5}}]},"1":{"loc":{"start":{"line":82,"column":9},"end":{"line":84,"column":null}},"type":"binary-expr","locations":[{"start":{"line":82,"column":9},"end":{"line":82,"column":24}},{"start":{"line":83,"column":10},"end":{"line":84,"column":null}}]}},"s":{"0":1,"1":1,"2":1,"3":1,"4":1,"5":1,"6":1,"7":1,"8":1,"9":1,"10":1,"11":1,"12":1,"13":1,"14":0,"15":0,"16":0,"17":0,"18":0,"19":1,"20":0,"21":0,"22":0,"23":0,"24":1,"25":1},"f":{"0":1,"1":1,"2":1,"3":0,"4":0},"b":{"0":[0],"1":[1,0]}}
,"/Users/admin/Documents/learning/simple-travel-service/client/src/pages/style.ts": {"path":"/Users/admin/Documents/learning/simple-travel-service/client/src/pages/style.ts","statementMap":{"0":{"start":{"line":10,"column":13},"end":{"line":10,"column":25}},"1":{"start":{"line":20,"column":13},"end":{"line":20,"column":31}},"2":{"start":{"line":26,"column":13},"end":{"line":26,"column":34}},"3":{"start":{"line":33,"column":13},"end":{"line":33,"column":29}},"4":{"start":{"line":40,"column":13},"end":{"line":40,"column":23}},"5":{"start":{"line":45,"column":13},"end":{"line":45,"column":23}},"6":{"start":{"line":58,"column":13},"end":{"line":58,"column":21}},"7":{"start":{"line":70,"column":13},"end":{"line":70,"column":27}},"8":{"start":{"line":1,"column":19},"end":{"line":1,"column":null}},"9":{"start":{"line":4,"column":7},"end":{"line":4,"column":null}},"10":{"start":{"line":10,"column":28},"end":{"line":18,"column":1}},"11":{"start":{"line":17,"column":20},"end":{"line":17,"column":60}},"12":{"start":{"line":20,"column":34},"end":{"line":24,"column":1}},"13":{"start":{"line":26,"column":37},"end":{"line":31,"column":1}},"14":{"start":{"line":33,"column":32},"end":{"line":38,"column":1}},"15":{"start":{"line":40,"column":26},"end":{"line":43,"column":1}},"16":{"start":{"line":45,"column":26},"end":{"line":56,"column":1}},"17":{"start":{"line":58,"column":24},"end":{"line":68,"column":1}},"18":{"start":{"line":70,"column":30},"end":{"line":77,"column":1}}},"fnMap":{"0":{"name":"(anonymous_10)","decl":{"start":{"line":17,"column":12},"end":{"line":17,"column":13}},"loc":{"start":{"line":17,"column":20},"end":{"line":17,"column":60}}}},"branchMap":{"0":{"loc":{"start":{"line":17,"column":20},"end":{"line":17,"column":60}},"type":"cond-expr","locations":[{"start":{"line":17,"column":34},"end":{"line":17,"column":54}},{"start":{"line":17,"column":54},"end":{"line":17,"column":60}}]}},"s":{"0":1,"1":1,"2":1,"3":1,"4":2,"5":2,"6":1,"7":0,"8":1,"9":1,"10":1,"11":1,"12":1,"13":1,"14":1,"15":1,"16":1,"17":1,"18":1},"f":{"0":1},"b":{"0":[0,1]}}
,"/Users/admin/Documents/learning/simple-travel-service/client/src/redux/index.ts": {"path":"/Users/admin/Documents/learning/simple-travel-service/client/src/redux/index.ts","statementMap":{"0":{"start":{"line":5,"column":13},"end":{"line":5,"column":35}},"1":{"start":{"line":1,"column":33},"end":{"line":1,"column":null}},"2":{"start":{"line":5,"column":35},"end":{"line":5,"column":null}}},"fnMap":{},"branchMap":{},"s":{"0":1,"1":1,"2":1},"f":{},"b":{}}
,"/Users/admin/Documents/learning/simple-travel-service/client/src/redux/store.ts": {"path":"/Users/admin/Documents/learning/simple-travel-service/client/src/redux/store.ts","statementMap":{"0":{"start":{"line":11,"column":13},"end":{"line":11,"column":24}},"1":{"start":{"line":21,"column":0},"end":{"line":21,"column":15}},"2":{"start":{"line":4,"column":7},"end":{"line":4,"column":null}},"3":{"start":{"line":6,"column":20},"end":{"line":6,"column":null}},"4":{"start":{"line":8,"column":17},"end":{"line":8,"column":null}},"5":{"start":{"line":9,"column":16},"end":{"line":9,"column":null}},"6":{"start":{"line":11,"column":27},"end":{"line":14,"column":null}},"7":{"start":{"line":16,"column":14},"end":{"line":19,"column":null}},"8":{"start":{"line":21,"column":15},"end":{"line":21,"column":21}}},"fnMap":{},"branchMap":{},"s":{"0":0,"1":2,"2":1,"3":1,"4":1,"5":1,"6":1,"7":1,"8":1},"f":{},"b":{}}
,"/Users/admin/Documents/learning/simple-travel-service/client/src/redux/slice/app.ts": {"path":"/Users/admin/Documents/learning/simple-travel-service/client/src/redux/slice/app.ts","statementMap":{"0":{"start":{"line":18,"column":2},"end":{"line":18,"column":11}},"1":{"start":{"line":20,"column":0},"end":{"line":20,"column":15}},"2":{"start":{"line":1,"column":43},"end":{"line":1,"column":null}},"3":{"start":{"line":2,"column":34},"end":{"line":2,"column":null}},"4":{"start":{"line":7,"column":17},"end":{"line":15,"column":null}},"5":{"start":{"line":12,"column":6},"end":{"line":12,"column":null}},"6":{"start":{"line":19,"column":4},"end":{"line":19,"column":20}},"7":{"start":{"line":20,"column":15},"end":{"line":20,"column":24}}},"fnMap":{"0":{"name":"(anonymous_3)","decl":{"start":{"line":11,"column":15},"end":{"line":11,"column":16}},"loc":{"start":{"line":11,"column":75},"end":{"line":13,"column":null}}}},"branchMap":{},"s":{"0":0,"1":2,"2":1,"3":1,"4":1,"5":0,"6":1,"7":1},"f":{"0":0},"b":{}}
,"/Users/admin/Documents/learning/simple-travel-service/client/src/redux/slice/users.ts": {"path":"/Users/admin/Documents/learning/simple-travel-service/client/src/redux/slice/users.ts","statementMap":{"0":{"start":{"line":17,"column":13},"end":{"line":17,"column":19}},"1":{"start":{"line":73,"column":2},"end":{"line":73,"column":10}},"2":{"start":{"line":75,"column":0},"end":{"line":75,"column":15}},"3":{"start":{"line":1,"column":43},"end":{"line":1,"column":null}},"4":{"start":{"line":7,"column":35},"end":{"line":7,"column":null}},"5":{"start":{"line":8,"column":26},"end":{"line":8,"column":null}},"6":{"start":{"line":10,"column":26},"end":{"line":10,"column":null}},"7":{"start":{"line":11,"column":36},"end":{"line":11,"column":null}},"8":{"start":{"line":12,"column":38},"end":{"line":12,"column":null}},"9":{"start":{"line":17,"column":22},"end":{"line":39,"column":null}},"10":{"start":{"line":20,"column":4},"end":{"line":38,"column":null}},"11":{"start":{"line":21,"column":34},"end":{"line":25,"column":null}},"12":{"start":{"line":26,"column":23},"end":{"line":26,"column":null}},"13":{"start":{"line":27,"column":6},"end":{"line":30,"column":null}},"14":{"start":{"line":32,"column":20},"end":{"line":32,"column":null}},"15":{"start":{"line":33,"column":6},"end":{"line":36,"column":null}},"16":{"start":{"line":37,"column":6},"end":{"line":37,"column":null}},"17":{"start":{"line":42,"column":18},"end":{"line":70,"column":null}},"18":{"start":{"line":50,"column":10},"end":{"line":50,"column":24}},"19":{"start":{"line":52,"column":6},"end":{"line":52,"column":null}},"20":{"start":{"line":53,"column":6},"end":{"line":53,"column":null}},"21":{"start":{"line":57,"column":4},"end":{"line":68,"column":null}},"22":{"start":{"line":59,"column":8},"end":{"line":59,"column":null}},"23":{"start":{"line":60,"column":8},"end":{"line":60,"column":null}},"24":{"start":{"line":61,"column":8},"end":{"line":61,"column":null}},"25":{"start":{"line":64,"column":8},"end":{"line":64,"column":null}},"26":{"start":{"line":67,"column":8},"end":{"line":67,"column":null}},"27":{"start":{"line":74,"column":4},"end":{"line":74,"column":21}},"28":{"start":{"line":75,"column":15},"end":{"line":75,"column":25}}},"fnMap":{"0":{"name":"(anonymous_5)","decl":{"start":{"line":19,"column":2},"end":{"line":19,"column":9}},"loc":{"start":{"line":19,"column":64},"end":{"line":39,"column":null}}},"1":{"name":"(anonymous_6)","decl":{"start":{"line":46,"column":14},"end":{"line":46,"column":15}},"loc":{"start":{"line":46,"column":71},"end":{"line":54,"column":null}}},"2":{"name":"(anonymous_7)","decl":{"start":{"line":56,"column":17},"end":{"line":56,"column":18}},"loc":{"start":{"line":56,"column":30},"end":{"line":69,"column":null}}},"3":{"name":"(anonymous_8)","decl":{"start":{"line":58,"column":33},"end":{"line":58,"column":34}},"loc":{"start":{"line":58,"column":57},"end":{"line":62,"column":null}}},"4":{"name":"(anonymous_9)","decl":{"start":{"line":63,"column":31},"end":{"line":63,"column":32}},"loc":{"start":{"line":63,"column":42},"end":{"line":65,"column":null}}},"5":{"name":"(anonymous_10)","decl":{"start":{"line":66,"column":32},"end":{"line":66,"column":33}},"loc":{"start":{"line":66,"column":43},"end":{"line":68,"column":null}}}},"branchMap":{"0":{"loc":{"start":{"line":29,"column":16},"end":{"line":29,"column":null}},"type":"binary-expr","locations":[{"start":{"line":29,"column":16},"end":{"line":29,"column":41}},{"start":{"line":29,"column":41},"end":{"line":29,"column":null}}]},"1":{"loc":{"start":{"line":52,"column":21},"end":{"line":52,"column":43}},"type":"binary-expr","locations":[{"start":{"line":52,"column":21},"end":{"line":52,"column":31}},{"start":{"line":52,"column":31},"end":{"line":52,"column":43}}]},"2":{"loc":{"start":{"line":53,"column":23},"end":{"line":53,"column":49}},"type":"binary-expr","locations":[{"start":{"line":53,"column":23},"end":{"line":53,"column":35}},{"start":{"line":53,"column":35},"end":{"line":53,"column":49}}]}},"s":{"0":0,"1":0,"2":2,"3":1,"4":1,"5":1,"6":1,"7":1,"8":1,"9":1,"10":0,"11":0,"12":0,"13":0,"14":0,"15":0,"16":0,"17":1,"18":0,"19":0,"20":0,"21":1,"22":0,"23":0,"24":0,"25":0,"26":0,"27":1,"28":1},"f":{"0":0,"1":0,"2":1,"3":0,"4":0,"5":0},"b":{"0":[0,0],"1":[0,0],"2":[0,0]}}
,"/Users/admin/Documents/learning/simple-travel-service/client/src/types/index.ts": {"path":"/Users/admin/Documents/learning/simple-travel-service/client/src/types/index.ts","statementMap":{"0":{"start":{"line":3,"column":12},"end":{"line":3,"column":28}},"1":{"start":{"line":3,"column":12},"end":{"line":4,"column":18}},"2":{"start":{"line":3,"column":12},"end":{"line":5,"column":17}},"3":{"start":{"line":3,"column":12},"end":{"line":6,"column":14}},"4":{"start":{"line":3,"column":12},"end":{"line":7,"column":16}},"5":{"start":{"line":3,"column":12},"end":{"line":8,"column":17}},"6":{"start":{"line":3,"column":12},"end":{"line":9,"column":14}}},"fnMap":{"0":{"name":"(anonymous_1)","decl":{"start":{"line":3,"column":12},"end":{"line":3,"column":28}},"loc":{"start":{"line":3,"column":28},"end":{"line":3,"column":11}}}},"branchMap":{"0":{"loc":{"start":{"line":3,"column":12},"end":{"line":3,"column":28}},"type":"binary-expr","locations":[{"start":{"line":3,"column":12},"end":{"line":3,"column":28}},{"start":{"line":3,"column":12},"end":{"line":3,"column":28}}]}},"s":{"0":1,"1":1,"2":1,"3":1,"4":1,"5":1,"6":1},"f":{"0":1},"b":{"0":[1,1]}}
,"/Users/admin/Documents/learning/simple-travel-service/client/src/utils/httpReq.ts": {"path":"/Users/admin/Documents/learning/simple-travel-service/client/src/utils/httpReq.ts","statementMap":{"0":{"start":{"line":17,"column":24},"end":{"line":17,"column":63}},"1":{"start":{"line":5,"column":7},"end":{"line":5,"column":null}},"2":{"start":{"line":6,"column":44},"end":{"line":6,"column":null}},"3":{"start":{"line":7,"column":30},"end":{"line":7,"column":null}},"4":{"start":{"line":18,"column":2},"end":{"line":35,"column":null}},"5":{"start":{"line":19,"column":4},"end":{"line":34,"column":null}},"6":{"start":{"line":21,"column":8},"end":{"line":21,"column":null}},"7":{"start":{"line":24,"column":25},"end":{"line":24,"column":114}},"8":{"start":{"line":25,"column":8},"end":{"line":28,"column":9}},"9":{"start":{"line":26,"column":23},"end":{"line":26,"column":40}},"10":{"start":{"line":27,"column":10},"end":{"line":27,"column":null}},"11":{"start":{"line":30,"column":8},"end":{"line":33,"column":null}}},"fnMap":{"0":{"name":"httpCall","decl":{"start":{"line":17,"column":24},"end":{"line":17,"column":63}},"loc":{"start":{"line":17,"column":116},"end":{"line":36,"column":null}}},"1":{"name":"(anonymous_3)","decl":{"start":{"line":18,"column":31},"end":{"line":18,"column":32}},"loc":{"start":{"line":18,"column":52},"end":{"line":35,"column":null}}},"2":{"name":"(anonymous_4)","decl":{"start":{"line":20,"column":12},"end":{"line":20,"column":13}},"loc":{"start":{"line":20,"column":47},"end":{"line":22,"column":null}}},"3":{"name":"(anonymous_5)","decl":{"start":{"line":23,"column":13},"end":{"line":23,"column":14}},"loc":{"start":{"line":23,"column":44},"end":{"line":34,"column":null}}}},"branchMap":{"0":{"loc":{"start":{"line":24,"column":39},"end":{"line":24,"column":113}},"type":"binary-expr","locations":[{"start":{"line":24,"column":39},"end":{"line":24,"column":83}},{"start":{"line":24,"column":83},"end":{"line":24,"column":113}}]},"1":{"loc":{"start":{"line":25,"column":8},"end":{"line":28,"column":9}},"type":"if","locations":[{"start":{"line":25,"column":8},"end":{"line":28,"column":9}}]},"2":{"loc":{"start":{"line":31,"column":21},"end":{"line":31,"column":75}},"type":"binary-expr","locations":[{"start":{"line":31,"column":21},"end":{"line":31,"column":45}},{"start":{"line":31,"column":45},"end":{"line":31,"column":75}}]}},"s":{"0":0,"1":1,"2":1,"3":1,"4":0,"5":0,"6":0,"7":0,"8":0,"9":0,"10":0,"11":0},"f":{"0":0,"1":0,"2":0,"3":0},"b":{"0":[0,0],"1":[0],"2":[0,0]}}
}
